<?xml version="1.0" encoding="UTF-8"?>
<testng-results skipped="0" failed="1" ignored="2" total="4" passed="1">
  <reporter-output>
  </reporter-output>
  <suite name="Suite" duration-ms="5911" started-at="2020-05-31T11:11:26Z" finished-at="2020-05-31T11:11:32Z">
    <groups>
    </groups>
    <test name="Test" duration-ms="5911" started-at="2020-05-31T11:11:26Z" finished-at="2020-05-31T11:11:32Z">
      <class name="tests.FaceBookTest">
        <test-method status="FAIL" signature="searchResult()[pri:0, instance:tests.FaceBookTest@25b485ba]" name="searchResult" duration-ms="74" started-at="2020-05-31T11:11:32Z" finished-at="2020-05-31T11:11:32Z">
          <exception class="java.lang.AssertionError">
            <message>
              <![CDATA[expected [Gmail - Google Search0] but found [Gmail - Google Search]]]>
            </message>
            <full-stacktrace>
              <![CDATA[java.lang.AssertionError: expected [Gmail - Google Search0] but found [Gmail - Google Search]
at org.testng.Assert.fail(Assert.java:96)
at org.testng.Assert.failNotEquals(Assert.java:776)
at org.testng.Assert.assertEqualsImpl(Assert.java:137)
at org.testng.Assert.assertEquals(Assert.java:118)
at org.testng.Assert.assertEquals(Assert.java:453)
at org.testng.Assert.assertEquals(Assert.java:463)
at common.BaseTest.validateTitle(BaseTest.java:31)
at tests.FaceBookTest.searchResult(SearchResultTest.java:12)
at sun.reflect.NativeMethodAccessorImpl.invoke0(Native Method)
at sun.reflect.NativeMethodAccessorImpl.invoke(Unknown Source)
at sun.reflect.DelegatingMethodAccessorImpl.invoke(Unknown Source)
at java.lang.reflect.Method.invoke(Unknown Source)
at org.testng.internal.MethodInvocationHelper.invokeMethod(MethodInvocationHelper.java:124)
at org.testng.internal.Invoker.invokeMethod(Invoker.java:583)
at org.testng.internal.Invoker.invokeTestMethod(Invoker.java:719)
at org.testng.internal.Invoker.invokeTestMethods(Invoker.java:989)
at org.testng.internal.TestMethodWorker.invokeTestMethods(TestMethodWorker.java:125)
at org.testng.internal.TestMethodWorker.run(TestMethodWorker.java:109)
at org.testng.TestRunner.privateRun(TestRunner.java:648)
at org.testng.TestRunner.run(TestRunner.java:505)
at org.testng.SuiteRunner.runTest(SuiteRunner.java:455)
at org.testng.SuiteRunner.runSequentially(SuiteRunner.java:450)
at org.testng.SuiteRunner.privateRun(SuiteRunner.java:415)
at org.testng.SuiteRunner.run(SuiteRunner.java:364)
at org.testng.SuiteRunnerWorker.runSuite(SuiteRunnerWorker.java:52)
at org.testng.SuiteRunnerWorker.run(SuiteRunnerWorker.java:84)
at org.testng.TestNG.runSuitesSequentially(TestNG.java:1208)
at org.testng.TestNG.runSuitesLocally(TestNG.java:1137)
at org.testng.TestNG.runSuites(TestNG.java:1049)
at org.testng.TestNG.run(TestNG.java:1017)
at org.testng.remote.AbstractRemoteTestNG.run(AbstractRemoteTestNG.java:115)
at org.testng.remote.RemoteTestNG.initAndRun(RemoteTestNG.java:251)
at org.testng.remote.RemoteTestNG.main(RemoteTestNG.java:77)
]]>
            </full-stacktrace>
          </exception> <!-- java.lang.AssertionError -->
          <reporter-output>
          </reporter-output>
        </test-method> <!-- searchResult -->
      </class> <!-- tests.FaceBookTest -->
      <class name="tests.GmailTest">
        <test-method status="PASS" signature="beforeSuite()[pri:0, instance:tests.GmailTest@1f1c7bf6]" name="beforeSuite" is-config="true" duration-ms="39890" started-at="2020-05-31T11:10:46Z" finished-at="2020-05-31T11:11:26Z">
          <reporter-output>
          </reporter-output>
        </test-method> <!-- beforeSuite -->
        <test-method status="PASS" signature="GoogleHome()[pri:0, instance:tests.GmailTest@1f1c7bf6]" name="GoogleHome" duration-ms="5402" started-at="2020-05-31T11:11:26Z" finished-at="2020-05-31T11:11:32Z">
          <reporter-output>
          </reporter-output>
        </test-method> <!-- GoogleHome -->
        <test-method status="PASS" signature="afterSuite()[pri:0, instance:tests.GmailTest@1f1c7bf6]" name="afterSuite" is-config="true" duration-ms="950" started-at="2020-05-31T11:11:33Z" finished-at="2020-05-31T11:11:34Z">
          <reporter-output>
          </reporter-output>
        </test-method> <!-- afterSuite -->
      </class> <!-- tests.GmailTest -->
    </test> <!-- Test -->
  </suite> <!-- Suite -->
</testng-results>
